<?xml version="1.0" encoding="UTF-8"?>
<testng-results ignored="0" total="1" passed="1" failed="0" skipped="0">
  <reporter-output>
  </reporter-output>
  <suite started-at="2025-12-28T12:15:41 IST" name="Default suite" finished-at="2025-12-28T12:15:41 IST" duration-ms="126">
    <groups>
    </groups>
    <test started-at="2025-12-28T12:15:41 IST" name="Default test" finished-at="2025-12-28T12:15:41 IST" duration-ms="126">
      <class name="Execution.demo_execution">
        <test-method signature="runner()[pri:0, instance:Execution.demo_execution@776aec5c]" started-at="2025-12-28T12:15:41 IST" name="runner" finished-at="2025-12-28T12:15:41 IST" duration-ms="23" status="PASS">
          <reporter-output>
          </reporter-output>
        </test-method> <!-- runner -->
      </class> <!-- Execution.demo_execution -->
    </test> <!-- Default test -->
  </suite> <!-- Default suite -->
</testng-results>
